<?xml version="1.0" encoding="UTF-8"?>
<testng-results ignored="0" total="1" passed="1" failed="0" skipped="0">
  <reporter-output>
  </reporter-output>
  <suite started-at="2020-07-16T15:40:26 IST" name="Default suite" finished-at="2020-07-16T15:40:46 IST" duration-ms="20618">
    <groups>
    </groups>
    <test started-at="2020-07-16T15:40:26 IST" name="Default test" finished-at="2020-07-16T15:40:46 IST" duration-ms="20618">
      <class name="com.framework.keyword.test.LoginTest">
        <test-method signature="logintest()[pri:0, instance:com.framework.keyword.test.LoginTest@4c1d9d4b]" started-at="2020-07-16T15:40:26 IST" name="logintest" finished-at="2020-07-16T15:40:46 IST" duration-ms="20513" status="PASS">
          <reporter-output>
          </reporter-output>
        </test-method> <!-- logintest -->
      </class> <!-- com.framework.keyword.test.LoginTest -->
    </test> <!-- Default test -->
  </suite> <!-- Default suite -->
</testng-results>
